# JRE version: 7.0_11-b21
# Java VM: Java HotSpot(TM) Client VM (23.6-b04 mixed mode windows-x86 )
Heap
 def new generation   total 4928K, used 2577K [0x02b20000, 0x03070000, 0x08070000)
  eden space 4416K,  46% used [0x02b20000, 0x02d24468, 0x02f70000)
  from space 512K,  99% used [0x02ff0000, 0x0306fff8, 0x03070000)
  to   space 512K,   0% used [0x02f70000, 0x02f70000, 0x02ff0000)
 tenured generation   total 10944K, used 3723K [0x08070000, 0x08b20000, 0x12b20000)
   the space 10944K,  34% used [0x08070000, 0x08412e80, 0x08413000, 0x08b20000)
 compacting perm gen  total 12288K, used 9907K [0x12b20000, 0x13720000, 0x16b20000)
   the space 12288K,  80% used [0x12b20000, 0x134ccca8, 0x134cce00, 0x13720000)
GC Heap History (6 events):
Event: 1.558 GC heap before
{Heap before GC invocations=0 (full 0):
 def new generation   total 4928K, used 3788K [0x02b20000, 0x03070000, 0x08070000)
  eden space 4416K,  85% used [0x02b20000, 0x02ed3228, 0x02f70000)
  from space 512K,   0% used [0x02f70000, 0x02f70000, 0x02ff0000)
  to   space 512K,   0% used [0x02ff0000, 0x02ff0000, 0x03070000)
 tenured generation   total 10944K, used 0K [0x08070000, 0x08b20000, 0x12b20000)
   the space 10944K,   0% used [0x08070000, 0x08070000, 0x08070200, 0x08b20000)
 compacting perm gen  total 12288K, used 5415K [0x12b20000, 0x13720000, 0x16b20000)
   the space 12288K,  44% used [0x12b20000, 0x13069cf8, 0x13069e00, 0x13720000)
No shared spaces configured.
Event: 1.574 GC heap after
Heap after GC invocations=1 (full 0):
 def new generation   total 4928K, used 512K [0x02b20000, 0x03070000, 0x08070000)
  eden space 4416K,   0% used [0x02b20000, 0x02b20000, 0x02f70000)
  from space 512K, 100% used [0x02ff0000, 0x03070000, 0x03070000)
  to   space 512K,   0% used [0x02f70000, 0x02f70000, 0x02ff0000)
 tenured generation   total 10944K, used 1018K [0x08070000, 0x08b20000, 0x12b20000)
   the space 10944K,   9% used [0x08070000, 0x0816e928, 0x0816ea00, 0x08b20000)
 compacting perm gen  total 12288K, used 5415K [0x12b20000, 0x13720000, 0x16b20000)
   the space 12288K,  44% used [0x12b20000, 0x13069cf8, 0x13069e00, 0x13720000)
No shared spaces configured.
}
Event: 4.239 GC heap before
{Heap before GC invocations=1 (full 0):
 def new generation   total 4928K, used 4928K [0x02b20000, 0x03070000, 0x08070000)
  eden space 4416K, 100% used [0x02b20000, 0x02f70000, 0x02f70000)
  from space 512K, 100% used [0x02ff0000, 0x03070000, 0x03070000)
  to   space 512K,   0% used [0x02f70000, 0x02f70000, 0x02ff0000)
 tenured generation   total 10944K, used 1018K [0x08070000, 0x08b20000, 0x12b20000)
   the space 10944K,   9% used [0x08070000, 0x0816e928, 0x0816ea00, 0x08b20000)
 compacting perm gen  total 12288K, used 8300K [0x12b20000, 0x13720000, 0x16b20000)
   the space 12288K,  67% used [0x12b20000, 0x1333b348, 0x1333b400, 0x13720000)
No shared spaces configured.
Event: 4.259 GC heap after
Heap after GC invocations=2 (full 0):
 def new generation   total 4928K, used 512K [0x02b20000, 0x03070000, 0x08070000)
  eden space 4416K,   0% used [0x02b20000, 0x02b20000, 0x02f70000)
  from space 512K, 100% used [0x02f70000, 0x02ff0000, 0x02ff0000)
  to   space 512K,   0% used [0x02ff0000, 0x02ff0000, 0x03070000)
 tenured generation   total 10944K, used 2615K [0x08070000, 0x08b20000, 0x12b20000)
   the space 10944K,  23% used [0x08070000, 0x082fdeb0, 0x082fe000, 0x08b20000)
 compacting perm gen  total 12288K, used 8300K [0x12b20000, 0x13720000, 0x16b20000)
   the space 12288K,  67% used [0x12b20000, 0x1333b348, 0x1333b400, 0x13720000)
No shared spaces configured.
}
Event: 5.356 GC heap before
{Heap before GC invocations=2 (full 0):
 def new generation   total 4928K, used 4928K [0x02b20000, 0x03070000, 0x08070000)
  eden space 4416K, 100% used [0x02b20000, 0x02f70000, 0x02f70000)
  from space 512K, 100% used [0x02f70000, 0x02ff0000, 0x02ff0000)
  to   space 512K,   0% used [0x02ff0000, 0x02ff0000, 0x03070000)
 tenured generation   total 10944K, used 2615K [0x08070000, 0x08b20000, 0x12b20000)
   the space 10944K,  23% used [0x08070000, 0x082fdeb0, 0x082fe000, 0x08b20000)
 compacting perm gen  total 12288K, used 9459K [0x12b20000, 0x13720000, 0x16b20000)
   the space 12288K,  76% used [0x12b20000, 0x1345cf10, 0x1345d000, 0x13720000)
No shared spaces configured.
Event: 5.372 GC heap after
Heap after GC invocations=3 (full 0):
 def new generation   total 4928K, used 511K [0x02b20000, 0x03070000, 0x08070000)
  eden space 4416K,   0% used [0x02b20000, 0x02b20000, 0x02f70000)
  from space 512K,  99% used [0x02ff0000, 0x0306fff8, 0x03070000)
  to   space 512K,   0% used [0x02f70000, 0x02f70000, 0x02ff0000)
 tenured generation   total 10944K, used 3723K [0x08070000, 0x08b20000, 0x12b20000)
   the space 10944K,  34% used [0x08070000, 0x08412e80, 0x08413000, 0x08b20000)
 compacting perm gen  total 12288K, used 9459K [0x12b20000, 0x13720000, 0x16b20000)
   the space 12288K,  76% used [0x12b20000, 0x1345cf10, 0x1345d000, 0x13720000)
No shared spaces configured.
}

