# JRE version: 7.0_11-b21
# Java VM: Java HotSpot(TM) Client VM (23.6-b04 mixed mode windows-x86 )
Heap
 def new generation   total 4928K, used 2587K [0x02b20000, 0x03070000, 0x08070000)
  eden space 4416K,  47% used [0x02b20000, 0x02d26f50, 0x02f70000)
  from space 512K, 100% used [0x02ff0000, 0x03070000, 0x03070000)
  to   space 512K,   0% used [0x02f70000, 0x02f70000, 0x02ff0000)
 tenured generation   total 10944K, used 3699K [0x08070000, 0x08b20000, 0x12b20000)
   the space 10944K,  33% used [0x08070000, 0x0840cf48, 0x0840d000, 0x08b20000)
 compacting perm gen  total 12288K, used 9907K [0x12b20000, 0x13720000, 0x16b20000)
   the space 12288K,  80% used [0x12b20000, 0x134ccc98, 0x134cce00, 0x13720000)
GC Heap History (6 events):
Event: 1.105 GC heap before
{Heap before GC invocations=0 (full 0):
 def new generation   total 4928K, used 3786K [0x02b20000, 0x03070000, 0x08070000)
  eden space 4416K,  85% used [0x02b20000, 0x02ed2a50, 0x02f70000)
  from space 512K,   0% used [0x02f70000, 0x02f70000, 0x02ff0000)
  to   space 512K,   0% used [0x02ff0000, 0x02ff0000, 0x03070000)
 tenured generation   total 10944K, used 0K [0x08070000, 0x08b20000, 0x12b20000)
   the space 10944K,   0% used [0x08070000, 0x08070000, 0x08070200, 0x08b20000)
 compacting perm gen  total 12288K, used 5415K [0x12b20000, 0x13720000, 0x16b20000)
   the space 12288K,  44% used [0x12b20000, 0x13069ce8, 0x13069e00, 0x13720000)
No shared spaces configured.
Event: 1.121 GC heap after
Heap after GC invocations=1 (full 0):
 def new generation   total 4928K, used 512K [0x02b20000, 0x03070000, 0x08070000)
  eden space 4416K,   0% used [0x02b20000, 0x02b20000, 0x02f70000)
  from space 512K, 100% used [0x02ff0000, 0x03070000, 0x03070000)
  to   space 512K,   0% used [0x02f70000, 0x02f70000, 0x02ff0000)
 tenured generation   total 10944K, used 1018K [0x08070000, 0x08b20000, 0x12b20000)
   the space 10944K,   9% used [0x08070000, 0x0816e928, 0x0816ea00, 0x08b20000)
 compacting perm gen  total 12288K, used 5415K [0x12b20000, 0x13720000, 0x16b20000)
   the space 12288K,  44% used [0x12b20000, 0x13069ce8, 0x13069e00, 0x13720000)
No shared spaces configured.
}
Event: 3.319 GC heap before
{Heap before GC invocations=1 (full 0):
 def new generation   total 4928K, used 4928K [0x02b20000, 0x03070000, 0x08070000)
  eden space 4416K, 100% used [0x02b20000, 0x02f70000, 0x02f70000)
  from space 512K, 100% used [0x02ff0000, 0x03070000, 0x03070000)
  to   space 512K,   0% used [0x02f70000, 0x02f70000, 0x02ff0000)
 tenured generation   total 10944K, used 1018K [0x08070000, 0x08b20000, 0x12b20000)
   the space 10944K,   9% used [0x08070000, 0x0816e928, 0x0816ea00, 0x08b20000)
 compacting perm gen  total 12288K, used 8300K [0x12b20000, 0x13720000, 0x16b20000)
   the space 12288K,  67% used [0x12b20000, 0x1333b338, 0x1333b400, 0x13720000)
No shared spaces configured.
Event: 3.340 GC heap after
Heap after GC invocations=2 (full 0):
 def new generation   total 4928K, used 512K [0x02b20000, 0x03070000, 0x08070000)
  eden space 4416K,   0% used [0x02b20000, 0x02b20000, 0x02f70000)
  from space 512K, 100% used [0x02f70000, 0x02ff0000, 0x02ff0000)
  to   space 512K,   0% used [0x02ff0000, 0x02ff0000, 0x03070000)
 tenured generation   total 10944K, used 2614K [0x08070000, 0x08b20000, 0x12b20000)
   the space 10944K,  23% used [0x08070000, 0x082fdaf0, 0x082fdc00, 0x08b20000)
 compacting perm gen  total 12288K, used 8300K [0x12b20000, 0x13720000, 0x16b20000)
   the space 12288K,  67% used [0x12b20000, 0x1333b338, 0x1333b400, 0x13720000)
No shared spaces configured.
}
Event: 4.344 GC heap before
{Heap before GC invocations=2 (full 0):
 def new generation   total 4928K, used 4920K [0x02b20000, 0x03070000, 0x08070000)
  eden space 4416K,  99% used [0x02b20000, 0x02f6e180, 0x02f70000)
  from space 512K, 100% used [0x02f70000, 0x02ff0000, 0x02ff0000)
  to   space 512K,   0% used [0x02ff0000, 0x02ff0000, 0x03070000)
 tenured generation   total 10944K, used 2614K [0x08070000, 0x08b20000, 0x12b20000)
   the space 10944K,  23% used [0x08070000, 0x082fdaf0, 0x082fdc00, 0x08b20000)
 compacting perm gen  total 12288K, used 9429K [0x12b20000, 0x13720000, 0x16b20000)
   the space 12288K,  76% used [0x12b20000, 0x13455518, 0x13455600, 0x13720000)
No shared spaces configured.
Event: 4.369 GC heap after
Heap after GC invocations=3 (full 0):
 def new generation   total 4928K, used 512K [0x02b20000, 0x03070000, 0x08070000)
  eden space 4416K,   0% used [0x02b20000, 0x02b20000, 0x02f70000)
  from space 512K, 100% used [0x02ff0000, 0x03070000, 0x03070000)
  to   space 512K,   0% used [0x02f70000, 0x02f70000, 0x02ff0000)
 tenured generation   total 10944K, used 3699K [0x08070000, 0x08b20000, 0x12b20000)
   the space 10944K,  33% used [0x08070000, 0x0840cf48, 0x0840d000, 0x08b20000)
 compacting perm gen  total 12288K, used 9429K [0x12b20000, 0x13720000, 0x16b20000)
   the space 12288K,  76% used [0x12b20000, 0x13455518, 0x13455600, 0x13720000)
No shared spaces configured.
}

